2025-01-03T11:04:14.995-05:00  INFO 8496 --- [main] c.i.t.TicketsystemApplication            : Starting TicketsystemApplication using Java 17.0.10 with PID 8496 (C:\proyectos\ticketsystem\target\classes started by USER in C:\proyectos\ticketsystem)
2025-01-03T11:04:14.996-05:00  INFO 8496 --- [main] c.i.t.TicketsystemApplication            : No active profile set, falling back to 1 default profile: "default"
2025-01-03T11:04:18.017-05:00  INFO 8496 --- [main] .s.d.r.c.RepositoryConfigurationDelegate : Bootstrapping Spring Data JPA repositories in DEFAULT mode.
2025-01-03T11:04:18.475-05:00  INFO 8496 --- [main] .s.d.r.c.RepositoryConfigurationDelegate : Finished Spring Data repository scanning in 429 ms. Found 15 JPA repository interfaces.
2025-01-03T11:04:19.825-05:00  INFO 8496 --- [main] o.s.b.w.embedded.tomcat.TomcatWebServer  : Tomcat initialized with port 8080 (http)
2025-01-03T11:04:19.840-05:00  INFO 8496 --- [main] o.apache.catalina.core.StandardService   : Starting service [Tomcat]
2025-01-03T11:04:19.840-05:00  INFO 8496 --- [main] o.apache.catalina.core.StandardEngine    : Starting Servlet engine: [Apache Tomcat/10.1.28]
2025-01-03T11:04:19.965-05:00  INFO 8496 --- [main] o.a.c.c.C.[Tomcat].[localhost].[/]       : Initializing Spring embedded WebApplicationContext
2025-01-03T11:04:19.965-05:00  INFO 8496 --- [main] w.s.c.ServletWebServerApplicationContext : Root WebApplicationContext: initialization completed in 4838 ms
2025-01-03T11:04:20.533-05:00  INFO 8496 --- [main] o.hibernate.jpa.internal.util.LogHelper  : HHH000204: Processing PersistenceUnitInfo [name: default]
2025-01-03T11:04:20.690-05:00  INFO 8496 --- [main] org.hibernate.Version                    : HHH000412: Hibernate ORM core version 6.5.2.Final
2025-01-03T11:04:20.821-05:00  INFO 8496 --- [main] o.h.c.internal.RegionFactoryInitiator    : HHH000026: Second-level cache disabled
2025-01-03T11:04:21.718-05:00  INFO 8496 --- [main] o.s.o.j.p.SpringPersistenceUnitInfo      : No LoadTimeWeaver setup: ignoring JPA class transformer
2025-01-03T11:04:21.765-05:00  INFO 8496 --- [main] com.zaxxer.hikari.HikariDataSource       : HikariPool-1 - Starting...
2025-01-03T11:04:22.249-05:00  INFO 8496 --- [main] com.zaxxer.hikari.pool.HikariPool        : HikariPool-1 - Added connection ConnectionID:1 ClientConnectionId: 6b37de09-b965-4356-94c1-40c2e05f2aa7
2025-01-03T11:04:22.249-05:00  INFO 8496 --- [main] com.zaxxer.hikari.HikariDataSource       : HikariPool-1 - Start completed.
2025-01-03T11:04:22.296-05:00  WARN 8496 --- [main] org.hibernate.orm.deprecation            : HHH90000025: SQLServerDialect does not need to be specified explicitly using 'hibernate.dialect' (remove the property setting and it will be selected by default)
2025-01-03T11:04:24.911-05:00  INFO 8496 --- [main] o.h.e.t.j.p.i.JtaPlatformInitiator       : HHH000489: No JTA platform available (set 'hibernate.transaction.jta.platform' to enable JTA platform integration)
2025-01-03T11:04:25.576-05:00  INFO 8496 --- [main] j.LocalContainerEntityManagerFactoryBean : Initialized JPA EntityManagerFactory for persistence unit 'default'
2025-01-03T11:04:26.362-05:00  INFO 8496 --- [main] o.s.d.j.r.query.QueryEnhancerFactory     : Hibernate is in classpath; If applicable, HQL parser will be used.
2025-01-03T11:04:29.133-05:00  INFO 8496 --- [main] r$InitializeUserDetailsManagerConfigurer : Global AuthenticationManager configured with UserDetailsService bean with name customUsersDetailsService
2025-01-03T11:04:29.242-05:00  WARN 8496 --- [main] JpaBaseConfiguration$JpaWebConfiguration : spring.jpa.open-in-view is enabled by default. Therefore, database queries may be performed during view rendering. Explicitly configure spring.jpa.open-in-view to disable this warning
2025-01-03T11:04:29.509-05:00  INFO 8496 --- [main] o.s.b.a.w.s.WelcomePageHandlerMapping    : Adding welcome page template: index
2025-01-03T11:04:30.270-05:00  INFO 8496 --- [main] o.s.b.w.embedded.tomcat.TomcatWebServer  : Tomcat started on port 8080 (http) with context path '/'
2025-01-03T11:04:30.270-05:00  INFO 8496 --- [main] o.s.m.s.b.SimpleBrokerMessageHandler     : Starting...
2025-01-03T11:04:30.270-05:00  INFO 8496 --- [main] o.s.m.s.b.SimpleBrokerMessageHandler     : BrokerAvailabilityEvent[available=true, SimpleBrokerMessageHandler [org.springframework.messaging.simp.broker.DefaultSubscriptionRegistry@606cb314]]
2025-01-03T11:04:30.270-05:00  INFO 8496 --- [main] o.s.m.s.b.SimpleBrokerMessageHandler     : Started.
2025-01-03T11:04:30.286-05:00  INFO 8496 --- [main] c.i.t.TicketsystemApplication            : Started TicketsystemApplication in 16.448 seconds (process running for 17.448)
2025-01-03T11:04:51.980-05:00  INFO 8496 --- [http-nio-0.0.0.0-8080-exec-1] o.a.c.c.C.[Tomcat].[localhost].[/]       : Initializing Spring DispatcherServlet 'dispatcherServlet'
2025-01-03T11:04:51.980-05:00  INFO 8496 --- [http-nio-0.0.0.0-8080-exec-1] o.s.web.servlet.DispatcherServlet        : Initializing Servlet 'dispatcherServlet'
2025-01-03T11:04:51.980-05:00  INFO 8496 --- [http-nio-0.0.0.0-8080-exec-1] o.s.web.servlet.DispatcherServlet        : Completed initialization in 0 ms
2025-01-03T11:05:12.442-05:00  INFO 8496 --- [SpringApplicationShutdownHook] o.s.m.s.b.SimpleBrokerMessageHandler     : Stopping...
2025-01-03T11:05:12.442-05:00  INFO 8496 --- [SpringApplicationShutdownHook] o.s.m.s.b.SimpleBrokerMessageHandler     : BrokerAvailabilityEvent[available=false, SimpleBrokerMessageHandler [org.springframework.messaging.simp.broker.DefaultSubscriptionRegistry@606cb314]]
2025-01-03T11:05:12.442-05:00  INFO 8496 --- [SpringApplicationShutdownHook] o.s.m.s.b.SimpleBrokerMessageHandler     : Stopped.
2025-01-03T11:05:12.762-05:00  INFO 8496 --- [SpringApplicationShutdownHook] j.LocalContainerEntityManagerFactoryBean : Closing JPA EntityManagerFactory for persistence unit 'default'
2025-01-03T11:05:12.762-05:00  INFO 8496 --- [SpringApplicationShutdownHook] com.zaxxer.hikari.HikariDataSource       : HikariPool-1 - Shutdown initiated...
2025-01-03T11:05:12.777-05:00  INFO 8496 --- [SpringApplicationShutdownHook] com.zaxxer.hikari.HikariDataSource       : HikariPool-1 - Shutdown completed.
